<testsuites id="" name="" tests="22" failures="0" skipped="0" errors="0" time="39.385682">
<testsuite name="accessibility.spec.ts" timestamp="2026-03-26T15:40:22.888Z" hostname="chromium" tests="5" failures="0" skipped="0" time="11.827" errors="0">
<testcase name="Accessibility › Page has a valid lang attribute" classname="accessibility.spec.ts" time="3.149">
</testcase>
<testcase name="Accessibility › All images have alt text" classname="accessibility.spec.ts" time="5.432">
</testcase>
<testcase name="Accessibility › Form inputs have associated labels" classname="accessibility.spec.ts" time="1.266">
</testcase>
<testcase name="Accessibility › Page has a main landmark" classname="accessibility.spec.ts" time="0.994">
</testcase>
<testcase name="Accessibility › Interactive elements are keyboard accessible" classname="accessibility.spec.ts" time="0.986">
</testcase>
</testsuite>
<testsuite name="product-api.spec.ts" timestamp="2026-03-26T15:40:22.888Z" hostname="chromium" tests="10" failures="0" skipped="0" time="4.297" errors="0">
<testcase name="Product API › GET /api/products returns 200 and a list of products" classname="product-api.spec.ts" time="0.545">
</testcase>
<testcase name="Product API › GET /api/products/1 returns a valid product object" classname="product-api.spec.ts" time="0.267">
</testcase>
<testcase name="Product API › GET /api/products/999 returns 404" classname="product-api.spec.ts" time="0.082">
</testcase>
<testcase name="Product API › POST /api/products with valid body returns 201" classname="product-api.spec.ts" time="1.093">
</testcase>
<testcase name="Product API › POST /api/products with missing name returns 400 with validation errors" classname="product-api.spec.ts" time="0.206">
</testcase>
<testcase name="Product API › POST /api/products with negative price returns 400" classname="product-api.spec.ts" time="0.134">
</testcase>
<testcase name="Product API › GET /api/products/search?q=serum returns matching products" classname="product-api.spec.ts" time="1.49">
</testcase>
<testcase name="Product API › GET /api/products/search?q=nonexistent returns empty list" classname="product-api.spec.ts" time="0.141">
</testcase>
<testcase name="Product API › GET /api/products/health/detailed returns status UP with memory and uptime" classname="product-api.spec.ts" time="0.188">
</testcase>
<testcase name="Product API › API response time is under 500ms" classname="product-api.spec.ts" time="0.151">
</testcase>
</testsuite>
<testsuite name="product-ui.spec.ts" timestamp="2026-03-26T15:40:22.888Z" hostname="chromium" tests="7" failures="0" skipped="0" time="14.503" errors="0">
<testcase name="Product UI › Home page loads and displays product table" classname="product-ui.spec.ts" time="2.253">
</testcase>
<testcase name="Product UI › Product table contains seeded products" classname="product-ui.spec.ts" time="2.444">
</testcase>
<testcase name="Product UI › Search filters products by name" classname="product-ui.spec.ts" time="2.066">
</testcase>
<testcase name="Product UI › Search with no results shows empty state message" classname="product-ui.spec.ts" time="2.061">
</testcase>
<testcase name="Product UI › Add Product form submits successfully and product appears in table" classname="product-ui.spec.ts" time="1.906">
</testcase>
<testcase name="Product UI › Add Product form shows validation errors for empty fields" classname="product-ui.spec.ts" time="2.538">
</testcase>
<testcase name="Product UI › Page title and header are correct" classname="product-ui.spec.ts" time="1.235">
</testcase>
</testsuite>
</testsuites>